Arguments: 
  /home/ben/.nvm/versions/node/v18.0.0/bin/node /usr/local/bin/yarn init

PATH: 
  /home/ben/.rbenv/shims:/home/ben/.nvm/versions/node/v18.0.0/bin:/usr/local/sbin:/usr/local/bin:/usr/sbin:/usr/bin:/sbin:/bin:/usr/games:/usr/local/games:/snap/bin:/usr/local/go/bin:/home/ben/go/bin:/home/ben/.config/composer/vendor/bin:/home/ben/.rbenv/bin

Yarn version: 
  1.22.19

Node version: 
  18.0.0

Platform: 
  linux x64

Trace: 
  Error: canceled
      at Interface.<anonymous> (/usr/local/lib/node_modules/yarn/lib/cli.js:137150:13)
      at Interface.emit (node:events:527:28)
      at [_ttyWrite] [as _ttyWrite] (node:internal/readline/interface:1123:18)
      at ReadStream.onkeypress (node:internal/readline/interface:272:20)
      at ReadStream.emit (node:events:527:28)
      at emitKeys (node:internal/readline/utils:358:14)
      at emitKeys.next (<anonymous>)
      at ReadStream.onData (node:internal/readline/emitKeypressEvents:64:36)
      at ReadStream.emit (node:events:527:28)
      at addChunk (node:internal/streams/readable:324:12)

npm manifest: 
  No manifest

yarn manifest: 
  No manifest

Lockfile: 
  No lockfile
